Flow report for praca
Tue Jan 30 09:49:47 2018
Quartus Prime Version 17.0.0 Build 595 04/25/2017 SJ Lite Edition


---------------------
; Table of Contents ;
---------------------
  1. Legal Notice
  2. Flow Summary
  3. Flow Settings
  4. Flow Non-Default Global Settings
  5. Flow Elapsed Time
  6. Flow OS Summary
  7. Flow Log
  8. Flow Messages
  9. Flow Suppressed Messages



----------------
; Legal Notice ;
----------------
Copyright (C) 2017  Intel Corporation. All rights reserved.
Your use of Intel Corporation's design tools, logic functions 
and other software and tools, and its AMPP partner logic 
functions, and any output files from any of the foregoing 
(including device programming or simulation files), and any 
associated documentation or information are expressly subject 
to the terms and conditions of the Intel Program License 
Subscription Agreement, the Intel Quartus Prime License Agreement,
the Intel MegaCore Function License Agreement, or other 
applicable license agreement, including, without limitation, 
that your use is for the sole purpose of programming logic 
devices manufactured by Intel and sold by Intel or its 
authorized distributors.  Please refer to the applicable 
agreement for further details.



+----------------------------------------------------------------------------------+
; Flow Summary                                                                     ;
+------------------------------------+---------------------------------------------+
; Flow Status                        ; Successful - Tue Jan 30 09:49:46 2018       ;
; Quartus Prime Version              ; 17.0.0 Build 595 04/25/2017 SJ Lite Edition ;
; Revision Name                      ; praca                                       ;
; Top-level Entity Name              ; PRACA                                       ;
; Family                             ; MAX 10                                      ;
; Device                             ; 10M50DAF484C7G                              ;
; Timing Models                      ; Final                                       ;
; Total logic elements               ; 463 / 49,760 ( < 1 % )                      ;
;     Total combinational functions  ; 453 / 49,760 ( < 1 % )                      ;
;     Dedicated logic registers      ; 142 / 49,760 ( < 1 % )                      ;
; Total registers                    ; 142                                         ;
; Total pins                         ; 49 / 360 ( 14 % )                           ;
; Total virtual pins                 ; 0                                           ;
; Total memory bits                  ; 131,072 / 1,677,312 ( 8 % )                 ;
; Embedded Multiplier 9-bit elements ; 0 / 288 ( 0 % )                             ;
; Total PLLs                         ; 1 / 4 ( 25 % )                              ;
; UFM blocks                         ; 0 / 1 ( 0 % )                               ;
; ADC blocks                         ; 0 / 2 ( 0 % )                               ;
+------------------------------------+---------------------------------------------+


+-----------------------------------------+
; Flow Settings                           ;
+-------------------+---------------------+
; Option            ; Setting             ;
+-------------------+---------------------+
; Start date & time ; 01/30/2018 09:48:24 ;
; Main task         ; Compilation         ;
; Revision Name     ; praca               ;
+-------------------+---------------------+


+------------------------------------------------------------------------------------------------------------------------------------------------+
; Flow Non-Default Global Settings                                                                                                               ;
+-------------------------------------+-----------------------------------------------------------+---------------+-------------+----------------+
; Assignment Name                     ; Value                                                     ; Default Value ; Entity Name ; Section Id     ;
+-------------------------------------+-----------------------------------------------------------+---------------+-------------+----------------+
; COMPILER_SIGNATURE_ID               ; 44883556772638.151730210410144                            ; --            ; --          ; --             ;
; EDA_OUTPUT_DATA_FORMAT              ; Vhdl                                                      ; --            ; --          ; eda_simulation ;
; EDA_SIMULATION_TOOL                 ; ModelSim-Altera (VHDL)                                    ; <None>        ; --          ; --             ;
; ENABLE_SIGNALTAP                    ; On                                                        ; --            ; --          ; --             ;
; MAX_CORE_JUNCTION_TEMP              ; 85                                                        ; --            ; --          ; --             ;
; MIN_CORE_JUNCTION_TEMP              ; 0                                                         ; --            ; --          ; --             ;
; MISC_FILE                           ; unsaved/synthesis/../unsaved.cmp                          ; --            ; --          ; --             ;
; MISC_FILE                           ; unsaved/synthesis/../../unsaved.qsys                      ; --            ; --          ; --             ;
; MISC_FILE                           ; PLLL/synthesis/../PLLL.cmp                                ; --            ; --          ; --             ;
; MISC_FILE                           ; PLLL/synthesis/../../PLLL.qsys                            ; --            ; --          ; --             ;
; MISC_FILE                           ; rom2.cmp                                                  ; --            ; --          ; --             ;
; OUTPUT_IO_TIMING_FAR_END_VMEAS      ; Half Signal Swing                                         ; --            ; --          ; --             ;
; OUTPUT_IO_TIMING_FAR_END_VMEAS      ; Half Signal Swing                                         ; --            ; --          ; --             ;
; OUTPUT_IO_TIMING_NEAR_END_VMEAS     ; Half Vccio                                                ; --            ; --          ; --             ;
; OUTPUT_IO_TIMING_NEAR_END_VMEAS     ; Half Vccio                                                ; --            ; --          ; --             ;
; PARTITION_COLOR                     ; -- (Not supported for targeted family)                    ; --            ; --          ; Top            ;
; PARTITION_FITTER_PRESERVATION_LEVEL ; -- (Not supported for targeted family)                    ; --            ; --          ; Top            ;
; PARTITION_NETLIST_TYPE              ; -- (Not supported for targeted family)                    ; --            ; --          ; Top            ;
; POWER_BOARD_THERMAL_MODEL           ; None (CONSERVATIVE)                                       ; --            ; --          ; --             ;
; POWER_PRESET_COOLING_SOLUTION       ; 23 MM HEAT SINK WITH 200 LFPM AIRFLOW                     ; --            ; --          ; --             ;
; PROJECT_OUTPUT_DIRECTORY            ; output_files                                              ; --            ; --          ; --             ;
; SLD_FILE                            ; unsaved/synthesis/unsaved.debuginfo                       ; --            ; --          ; --             ;
; SLD_FILE                            ; PLLL/synthesis/PLLL.debuginfo                             ; --            ; --          ; --             ;
; SLD_FILE                            ; db/stp2_auto_stripped.stp                                 ; --            ; --          ; --             ;
; SLD_INFO                            ; QSYS_NAME PLLL HAS_SOPCINFO 1 GENERATION_ID 1513040615    ; --            ; PLLL        ; --             ;
; SLD_INFO                            ; QSYS_NAME unsaved HAS_SOPCINFO 1 GENERATION_ID 1516140095 ; --            ; unsaved     ; --             ;
; SOPCINFO_FILE                       ; unsaved/synthesis/../../unsaved.sopcinfo                  ; --            ; --          ; --             ;
; SOPCINFO_FILE                       ; PLLL/synthesis/../../PLLL.sopcinfo                        ; --            ; --          ; --             ;
; SYNTHESIS_ONLY_QIP                  ; On                                                        ; --            ; --          ; --             ;
; SYNTHESIS_ONLY_QIP                  ; On                                                        ; --            ; --          ; --             ;
; USE_SIGNALTAP_FILE                  ; output_files/stp2.stp                                     ; --            ; --          ; --             ;
+-------------------------------------+-----------------------------------------------------------+---------------+-------------+----------------+


+-------------------------------------------------------------------------------------------------------------------------------+
; Flow Elapsed Time                                                                                                             ;
+---------------------------+--------------+-------------------------+---------------------+------------------------------------+
; Module Name               ; Elapsed Time ; Average Processors Used ; Peak Virtual Memory ; Total CPU Time (on all processors) ;
+---------------------------+--------------+-------------------------+---------------------+------------------------------------+
; Analysis & Synthesis      ; 00:00:30     ; 1.0                     ; 675 MB              ; 00:00:51                           ;
; Fitter                    ; 00:00:21     ; 1.1                     ; 1189 MB             ; 00:00:20                           ;
; Assembler                 ; 00:00:11     ; 1.0                     ; 561 MB              ; 00:00:07                           ;
; TimeQuest Timing Analyzer ; 00:00:08     ; 1.2                     ; 658 MB              ; 00:00:07                           ;
; EDA Netlist Writer        ; 00:00:01     ; 1.0                     ; 532 MB              ; 00:00:02                           ;
; Total                     ; 00:01:11     ; --                      ; --                  ; 00:01:27                           ;
+---------------------------+--------------+-------------------------+---------------------+------------------------------------+


+----------------------------------------------------------------------------------------+
; Flow OS Summary                                                                        ;
+---------------------------+------------------+-----------+------------+----------------+
; Module Name               ; Machine Hostname ; OS Name   ; OS Version ; Processor type ;
+---------------------------+------------------+-----------+------------+----------------+
; Analysis & Synthesis      ; Marcin-PC        ; Windows 7 ; 6.1        ; x86_64         ;
; Fitter                    ; Marcin-PC        ; Windows 7 ; 6.1        ; x86_64         ;
; Assembler                 ; Marcin-PC        ; Windows 7 ; 6.1        ; x86_64         ;
; TimeQuest Timing Analyzer ; Marcin-PC        ; Windows 7 ; 6.1        ; x86_64         ;
; EDA Netlist Writer        ; Marcin-PC        ; Windows 7 ; 6.1        ; x86_64         ;
+---------------------------+------------------+-----------+------------+----------------+


------------
; Flow Log ;
------------
quartus_map --read_settings_files=on --write_settings_files=off praca -c praca
quartus_fit --read_settings_files=off --write_settings_files=off praca -c praca
quartus_asm --read_settings_files=off --write_settings_files=off praca -c praca
quartus_sta praca -c praca
quartus_eda --read_settings_files=off --write_settings_files=off praca -c praca



